[2017-11-22T13:46:50.264] [INFO] output - do-what-it-says
[2017-11-22T13:46:51.735] [INFO] output - Artist: 
[2017-11-22T13:46:51.735] [INFO] output - Ed Sheeran
[2017-11-22T13:46:51.735] [INFO] output - ----------------------
[2017-11-22T13:46:51.735] [INFO] output - Song: 
[2017-11-22T13:46:51.735] [INFO] output - Shape of You
[2017-11-22T13:46:51.735] [INFO] output - ----------------------
[2017-11-22T13:46:51.735] [INFO] output - Link: 
[2017-11-22T13:46:51.735] [INFO] output - https://open.spotify.com/artist/6eUKZXaKkcviH0Ku9w2n3V
[2017-11-22T13:46:51.735] [INFO] output - ----------------------
[2017-11-22T13:46:51.735] [INFO] output - Album: 
[2017-11-22T13:46:51.735] [INFO] output - Shape of You
[2017-11-22T13:48:51.718] [INFO] output - do-what-it-says
[2017-11-22T13:48:52.827] [INFO] output - Artist: 
[2017-11-22T13:48:52.827] [INFO] output - Ed Sheeran
[2017-11-22T13:48:52.827] [INFO] output - ----------------------
[2017-11-22T13:48:52.827] [INFO] output - Song: 
[2017-11-22T13:48:52.827] [INFO] output - Shape of You
[2017-11-22T13:48:52.827] [INFO] output - ----------------------
[2017-11-22T13:48:52.827] [INFO] output - Link: 
[2017-11-22T13:48:52.827] [INFO] output - https://open.spotify.com/artist/6eUKZXaKkcviH0Ku9w2n3V
[2017-11-22T13:48:52.827] [INFO] output - ----------------------
[2017-11-22T13:48:52.827] [INFO] output - Album: 
[2017-11-22T13:48:52.827] [INFO] output - Shape of You
